mode: set
github.com/qasaur/gremgo/request.go:29.88,42.2 9 1
github.com/qasaur/gremgo/request.go:47.58,50.16 2 1
github.com/qasaur/gremgo/request.go:54.2,61.8 6 1
github.com/qasaur/gremgo/request.go:50.16,52.3 1 0
github.com/qasaur/gremgo/request.go:66.46,68.2 1 1
github.com/qasaur/gremgo/response.go:11.61,23.2 9 1
github.com/qasaur/gremgo/response.go:25.46,34.2 8 1
github.com/qasaur/gremgo/client.go:14.29,20.2 5 1
github.com/qasaur/gremgo/client.go:23.46,30.16 4 0
github.com/qasaur/gremgo/client.go:34.2,37.8 3 0
github.com/qasaur/gremgo/client.go:30.16,32.3 1 0
github.com/qasaur/gremgo/connection.go:28.37,32.2 3 0
github.com/qasaur/gremgo/connection.go:34.45,37.2 2 0
github.com/qasaur/gremgo/connection.go:39.46,42.2 2 0
github.com/qasaur/gremgo/connection.go:46.32,47.6 1 0
github.com/qasaur/gremgo/connection.go:47.6,48.10 1 0
github.com/qasaur/gremgo/connection.go:49.3,51.18 2 0
github.com/qasaur/gremgo/connection.go:54.3,54.11 0 0
github.com/qasaur/gremgo/connection.go:51.18,53.5 1 0
github.com/qasaur/gremgo/connection.go:59.31,60.6 1 0
github.com/qasaur/gremgo/connection.go:60.6,62.17 2 0
github.com/qasaur/gremgo/connection.go:65.3,65.17 1 0
github.com/qasaur/gremgo/connection.go:62.17,64.4 1 0
github.com/qasaur/gremgo/connection.go:65.17,67.4 0 0
